<?xml version="1.0" encoding="UTF-8"?>
<!-- Generated by org.testng.reporters.JUnitReportReporter -->
<testsuite hostname="Abdulraheem" failures="0" tests="2" name="HotelSearchTest.BookingHotelTestCases" time="3.093" errors="0" timestamp="2024-03-19T17:46:02 EET" skipped="0">
  <testcase classname="HotelSearchTest.BookingHotelTestCases" name="RandomlySelectHotelInRandomCity" time="0.460"/>
  <system-out/>
  <testcase classname="HotelSearchTest.BookingHotelTestCases" name="RandomlySelectNumberOfVistor" time="2.633"/>
  <system-out/>
</testsuite> <!-- HotelSearchTest.BookingHotelTestCases -->
