<?xml version="1.0" encoding="UTF-8"?>
<!-- Generated by org.testng.reporters.JUnitReportReporter -->
<testsuite hostname="Abdulraheem" failures="0" tests="6" name="HomePage.HomePageTestCases" time="0.148" errors="0" timestamp="2024-03-18T17:30:52 EET" skipped="0">
  <testcase classname="HomePage.HomePageTestCases" name="CheckHotelTabIsNotSelected" time="0.031"/>
  <system-out/>
  <testcase classname="HomePage.HomePageTestCases" name="CheckQitafLogo" time="0.028"/>
  <system-out/>
  <testcase classname="HomePage.HomePageTestCases" name="CheckTheDefaultLanguageIsEnglish" time="0.027"/>
  <system-out/>
  <testcase classname="HomePage.HomePageTestCases" name="checkDepatureDate" time="0.008"/>
  <system-out/>
  <testcase classname="HomePage.HomePageTestCases" name="CheckTheDefaultCurrency" time="0.028"/>
  <system-out/>
  <testcase classname="HomePage.HomePageTestCases" name="CheckTheContactNumber" time="0.026"/>
  <system-out/>
</testsuite> <!-- HomePage.HomePageTestCases -->
