<?xml version="1.0" encoding="UTF-8"?>
<!-- Generated by org.testng.reporters.JUnitReportReporter -->
<testsuite hostname="Abdulraheem" failures="0" tests="4" name="HotelSearchTest.BookingHotelTestCases" time="18.094" errors="0" timestamp="2024-03-20T17:35:52 EET" skipped="0">
  <testcase classname="HotelSearchTest.BookingHotelTestCases" name="RandomlySelectHotelInRandomCity" time="0.472"/>
  <system-out/>
  <testcase classname="HotelSearchTest.BookingHotelTestCases" name="RandomlySelectNumberOfVistor" time="3.156"/>
  <system-out/>
  <testcase classname="HotelSearchTest.BookingHotelTestCases" name="PageFullyCompleted" time="10.048"/>
  <system-out/>
  <testcase classname="HotelSearchTest.BookingHotelTestCases" name="SortPricesFromLowToHigh" time="4.418"/>
  <system-out/>
</testsuite> <!-- HotelSearchTest.BookingHotelTestCases -->
