<?xml version="1.0" encoding="UTF-8"?>
<!-- Generated by org.testng.reporters.JUnitReportReporter -->
<testsuite hostname="Abdulraheem" failures="0" tests="7" name="HomePage.HomePageTestCases" time="0.617" errors="0" timestamp="2024-03-19T16:54:48 EET" skipped="6">
  <testcase classname="HomePage.HomePageTestCases" name="ChangeLangaugeRandomly" time="0.617"/>
  <system-out/>
  <testcase classname="HomePage.HomePageTestCases" name="CheckTheDefaultCurrency">
    <skipped/>
  </testcase> <!-- CheckTheDefaultCurrency -->
  <system-out/>
  <testcase classname="HomePage.HomePageTestCases" name="CheckTheDefaultLanguageIsEnglish">
    <skipped/>
  </testcase> <!-- CheckTheDefaultLanguageIsEnglish -->
  <system-out/>
  <testcase classname="HomePage.HomePageTestCases" name="CheckTheContactNumber">
    <skipped/>
  </testcase> <!-- CheckTheContactNumber -->
  <system-out/>
  <testcase classname="HomePage.HomePageTestCases" name="CheckQitafLogo">
    <skipped/>
  </testcase> <!-- CheckQitafLogo -->
  <system-out/>
  <testcase classname="HomePage.HomePageTestCases" name="checkDepatureAndReturnDate">
    <skipped/>
  </testcase> <!-- checkDepatureAndReturnDate -->
  <system-out/>
  <testcase classname="HomePage.HomePageTestCases" name="CheckHotelTabIsNotSelected">
    <skipped/>
  </testcase> <!-- CheckHotelTabIsNotSelected -->
  <system-out/>
</testsuite> <!-- HomePage.HomePageTestCases -->
